<?xml version="1.0" encoding="UTF-8"?>
<!-- Generated by org.testng.reporters.JUnitReportReporter -->
<testsuite skipped="0" hostname="DESKTOP-R5R92BP" name="com.orange.testcases.Test_case_01" tests="4" failures="0" timestamp="23 Jul 2019 17:09:11 GMT" time="32.322" errors="0">
  <testcase name="setup" time="10.623" classname="com.orange.testcases.Test_case_01"/>
  <testcase name="logintest" time="9.511" classname="com.orange.testcases.Test_case_01"/>
  <testcase name="setup" time="5.354" classname="com.orange.testcases.Test_case_01"/>
  <testcase name="logintest" time="6.834" classname="com.orange.testcases.Test_case_01"/>
</testsuite> <!-- com.orange.testcases.Test_case_01 -->
